<?xml version="1.0" encoding="UTF-8"?>
<testsuite xmlns:xsi="http://www.w3.org/2001/XMLSchema-instance" xsi:noNamespaceSchemaLocation="https://maven.apache.org/surefire/maven-surefire-plugin/xsd/surefire-test-report.xsd" name="runner.TestRunner" time="89.048" tests="14" errors="0" skipped="0" failures="0">
  <properties>
[...]
</properties>
  <testcase name="Login with valid credentials #1" classname="Login functionality" time="10.845"/>
  <testcase name="Login with valid credentials #2" classname="Login functionality" time="5.701"/>
  <testcase name="Login with valid credentials #3" classname="Login functionality" time="5.523"/>
  <testcase name="Login with invalid credentials" classname="Login functionality" time="5.215"/>
  <testcase name="Login with valid email and invalid password" classname="Login functionality" time="5.378"/>
  <testcase name="Login with invalid email and valid password" classname="Login functionality" time="6.111"/>
  <testcase name="Login without providing any credentials" classname="Login functionality" time="5.866"/>
  <testcase name="User creates an account only with mandatory fields" classname="Registration functionality" time="6.852"/>
  <testcase name="User creates an account only with all fields" classname="Registration functionality" time="6.617"/>
  <testcase name="User creates a duplicate account" classname="Registration functionality" time="5.991"/>
  <testcase name="User crates an account without filling any details" classname="Registration functionality" time="5.14"/>
  <testcase name="User searches for a valid product" classname="Search functionality" time="4.556"/>
  <testcase name="User searches for an invalid product" classname="Search functionality" time="5.11"/>
  <testcase name="User searches without any product" classname="Search functionality" time="4.529"/>
</testsuite>